-------------------------------------------------------------------------------
Test set: ru.netology.stats.StatsServiceTest
-------------------------------------------------------------------------------
Tests run: 3, Failures: 1, Errors: 0, Skipped: 0, Time elapsed: 0.097 s <<< FAILURE! - in ru.netology.stats.StatsServiceTest
shouldMinSaleMonth  Time elapsed: 0.021 s  <<< FAILURE!
org.opentest4j.AssertionFailedError: expected: <7> but was: <9>
	at ru.netology.stats.StatsServiceTest.shouldMinSaleMonth(StatsServiceTest.java:39)

