<?xml version="1.0" encoding="UTF-8"?>
<testsuite xmlns:xsi="http://www.w3.org/2001/XMLSchema-instance" xsi:noNamespaceSchemaLocation="https://maven.apache.org/surefire/maven-surefire-plugin/xsd/surefire-test-report.xsd" name="ru.netology.stats.StatsServiceTest" time="0.097" tests="3" errors="0" skipped="0" failures="1">
  <properties>
[...]
</properties>
  <testcase name="shouldcalcAvSaleMonth" classname="ru.netology.stats.StatsServiceTest" time="0.059"/>
  <testcase name="shouldcalcSum" classname="ru.netology.stats.StatsServiceTest" time="0"/>
  <testcase name="shouldMinSaleMonth" classname="ru.netology.stats.StatsServiceTest" time="0.021">
    <failure message="expected: &lt;7&gt; but was: &lt;9&gt;" type="org.opentest4j.AssertionFailedError"><![CDATA[org.opentest4j.AssertionFailedError: expected: <7> but was: <9>
	at ru.netology.stats.StatsServiceTest.shouldMinSaleMonth(StatsServiceTest.java:39)
]]></failure>
  </testcase>
</testsuite>